<?xml version="1.0" encoding="UTF-8"?>
<testng-results ignored="0" total="1" passed="1" failed="0" skipped="0">
  <reporter-output>
  </reporter-output>
  <suite started-at="2024-05-25T01:07:17 IST" name="Default suite" finished-at="2024-05-25T01:07:26 IST" duration-ms="9212">
    <groups>
    </groups>
    <test started-at="2024-05-25T01:07:17 IST" name="Default test" finished-at="2024-05-25T01:07:26 IST" duration-ms="9212">
      <class name="newpackage.homePageTest">
        <test-method is-config="true" signature="setup()[pri:0, instance:newpackage.homePageTest@2c35e847]" started-at="2024-05-25T01:07:17 IST" name="setup" finished-at="2024-05-25T01:07:19 IST" duration-ms="2012" status="PASS">
          <reporter-output>
          </reporter-output>
        </test-method> <!-- setup -->
        <test-method signature="testAmountSorting()[pri:0, instance:newpackage.homePageTest@2c35e847]" started-at="2024-05-25T01:07:19 IST" name="testAmountSorting" finished-at="2024-05-25T01:07:26 IST" duration-ms="7013" status="PASS">
          <reporter-output>
          </reporter-output>
        </test-method> <!-- testAmountSorting -->
        <test-method is-config="true" signature="teardown()[pri:0, instance:newpackage.homePageTest@2c35e847]" started-at="2024-05-25T01:07:26 IST" name="teardown" finished-at="2024-05-25T01:07:26 IST" duration-ms="161" status="PASS">
          <reporter-output>
          </reporter-output>
        </test-method> <!-- teardown -->
      </class> <!-- newpackage.homePageTest -->
    </test> <!-- Default test -->
  </suite> <!-- Default suite -->
</testng-results>
